Build started 7/5/2015 1:54:55 PM.
     1>Project "D:\ProjectsGit\gamecode4\Source\GCC4\3rdParty\bullet-2.82\build\vs2013_dx11\HACD.vcxproj" on node 8 (Rebuild target(s)).
     1>ClCompile:
         C:\Program Files (x86)\Microsoft Visual Studio 12.0\VC\bin\CL.exe /c /I..\..\Extras\HACD /Zi /nologo /W3 /WX- /Od /Oy- /D _CRT_SECURE_NO_WARNINGS /D _CRT_SECURE_NO_DEPRECATE /D _HAS_EXCEPTIONS=0 /D _MBCS /Gm- /RTC1 /MTd /GS /Gy /fp:fast /Zc:wchar_t /Zc:forScope /GR- /Fo"obj\x32\Debug\HACD\\" /Fd"..\..\lib\HACD_vs2013_debug.pdb" /Gd /TP /analyze- /errorReport:prompt /MP ..\..\Extras\HACD\hacdGraph.cpp ..\..\Extras\HACD\hacdHACD.cpp ..\..\Extras\HACD\hacdICHull.cpp ..\..\Extras\HACD\hacdManifoldMesh.cpp
         hacdGraph.cpp
         hacdHACD.cpp
         hacdICHull.cpp
         hacdManifoldMesh.cpp
     1>..\..\Extras\HACD\hacdICHull.cpp(930): error C2039: 'max' : is not a member of 'std'
     1>..\..\Extras\HACD\hacdICHull.cpp(930): error C2065: 'max' : undeclared identifier
     1>..\..\Extras\HACD\hacdICHull.cpp(930): error C2062: type 'double' unexpected
     1>Done Building Project "D:\ProjectsGit\gamecode4\Source\GCC4\3rdParty\bullet-2.82\build\vs2013_dx11\HACD.vcxproj" (Rebuild target(s)) -- FAILED.

Build FAILED.

Time Elapsed 00:00:08.33
